SF:lib/presentation/provider/presentation_controller_provider.dart
DA:7,4
DA:9,14
DA:10,4
DA:11,10
DA:13,10
DA:14,2
DA:15,10
DA:18,4
DA:19,4
DA:20,2
LF:10
LH:10
end_of_record
SF:lib/generated/intl/messages_all.dart
DA:22,6
DA:23,4
DA:26,2
DA:28,2
DA:29,2
DA:36,2
DA:37,2
DA:38,6
DA:39,0
DA:41,0
DA:43,4
DA:44,2
DA:45,6
DA:46,4
DA:47,2
DA:50,2
DA:52,2
DA:58,2
DA:60,2
DA:62,2
LF:20
LH:18
end_of_record
SF:lib/generated/intl/messages_en.dart
DA:16,6
DA:21,0
DA:24,4
DA:26,2
DA:27,2
DA:30,2
LF:6
LH:5
end_of_record
SF:lib/generated/l10n.dart
DA:16,2
DA:20,0
DA:21,0
DA:28,2
DA:29,2
DA:30,0
DA:31,2
DA:32,2
DA:33,6
DA:34,2
DA:35,2
DA:42,2
DA:43,2
DA:44,2
DA:49,2
DA:50,2
DA:54,2
DA:55,2
DA:59,2
DA:64,2
DA:65,2
DA:69,2
DA:74,2
DA:75,2
DA:79,2
DA:85,4
DA:87,2
DA:93,2
DA:94,2
DA:95,2
DA:96,2
DA:97,0
DA:100,2
DA:101,4
DA:102,6
LF:35
LH:31
end_of_record
SF:lib/main.dart
DA:7,0
DA:8,0
DA:12,6
DA:14,2
DA:15,2
DA:25,2
LF:6
LH:4
end_of_record
SF:lib/presentation/view/presentation_slides.dart
DA:11,4
DA:13,2
DA:15,2
DA:16,2
DA:17,4
DA:19,1
DA:21,3
DA:22,1
DA:23,2
DA:29,1
DA:30,2
DA:31,1
DA:32,4
DA:34,3
DA:35,1
DA:36,2
DA:40,1
DA:44,1
DA:45,4
DA:46,1
DA:47,1
DA:52,0
DA:53,0
DA:58,1
DA:59,1
DA:60,2
DA:63,1
DA:66,2
DA:69,2
DA:71,0
DA:72,0
DA:73,0
DA:74,2
DA:76,2
DA:77,2
DA:78,2
DA:79,2
DA:80,4
LF:38
LH:33
end_of_record
SF:lib/pages/01_title/view/title_slide.dart
DA:6,4
DA:8,2
LF:2
LH:2
end_of_record
SF:lib/slides/views/slide_title.dart
DA:14,4
DA:24,2
DA:25,2
DA:26,2
DA:27,2
DA:29,2
DA:30,2
DA:31,2
DA:32,2
DA:34,2
DA:35,6
DA:36,2
DA:37,2
DA:38,2
DA:40,2
DA:43,2
DA:50,2
DA:51,2
DA:52,2
DA:53,2
DA:54,2
DA:55,6
DA:63,2
DA:64,2
DA:65,6
LF:25
LH:25
end_of_record
SF:lib/pages/01_title/widgets/title_slide_overlay.dart
DA:9,4
DA:11,2
DA:13,2
DA:14,2
DA:15,2
DA:16,2
DA:17,2
DA:21,2
DA:24,6
DA:26,2
DA:28,4
DA:29,2
DA:35,2
DA:36,2
DA:37,2
DA:39,2
DA:40,2
DA:41,2
DA:42,2
DA:43,2
DA:45,2
DA:48,6
DA:54,2
DA:56,6
DA:61,2
DA:63,4
DA:64,2
DA:68,2
DA:69,2
DA:70,2
DA:72,2
LF:31
LH:31
end_of_record
SF:lib/slides/widgets/layout/layout_body.dart
DA:5,2
DA:6,0
DA:11,2
DA:13,2
DA:14,2
DA:15,2
LF:6
LH:5
end_of_record
SF:lib/slides/widgets/layout/layout_header.dart
DA:5,2
DA:6,0
DA:11,2
DA:13,2
DA:14,2
DA:15,2
LF:6
LH:5
end_of_record
SF:lib/pages/02_dummy_1/view/dummy_1_slide.dart
DA:8,4
DA:10,1
LF:2
LH:2
end_of_record
SF:lib/presentation/widgets/directional_animation.dart
DA:6,4
DA:18,1
DA:19,1
DA:28,1
DA:30,1
DA:32,1
DA:36,1
DA:37,1
DA:38,2
DA:42,1
DA:43,4
DA:44,1
DA:45,6
DA:48,1
DA:49,2
DA:52,1
DA:54,2
DA:55,2
DA:56,1
DA:59,1
DA:61,1
DA:62,1
DA:64,0
DA:67,1
DA:69,2
LF:25
LH:24
end_of_record
SF:lib/slides/views/slide_title_and_photo.dart
DA:4,4
DA:6,1
LF:2
LH:2
end_of_record
SF:lib/pages/03_dummy_2/view/dummy_2_slide.dart
DA:5,4
DA:7,1
DA:9,1
DA:10,1
LF:4
LH:4
end_of_record
SF:lib/presentation/widgets/fade_animation.dart
DA:5,1
DA:15,1
DA:16,1
DA:24,1
DA:26,1
DA:28,1
DA:32,1
DA:34,3
DA:35,2
DA:36,1
DA:38,6
DA:41,1
DA:42,2
DA:45,1
DA:47,2
DA:48,2
DA:49,1
DA:52,1
DA:54,1
DA:55,1
DA:57,0
DA:60,1
DA:62,2
LF:23
LH:22
end_of_record
SF:lib/presentation/model/presentation.dart
DA:5,8
DA:10,3
DA:11,3
DA:12,1
DA:13,3
LF:5
LH:5
end_of_record
SF:lib/slides/widgets/layout/layout_footer.dart
DA:5,2
DA:6,2
DA:11,2
DA:13,2
DA:14,2
DA:15,2
LF:6
LH:6
end_of_record
SF:lib/slides/widgets/text/footer_text.dart
DA:5,2
DA:20,2
DA:22,2
DA:23,2
DA:24,2
DA:25,2
DA:26,2
DA:27,2
DA:28,2
LF:9
LH:9
end_of_record
SF:lib/slides/widgets/text/regular_text.dart
DA:5,2
DA:20,2
DA:22,2
DA:23,2
DA:24,2
DA:25,2
DA:26,2
DA:27,2
DA:28,2
LF:9
LH:9
end_of_record
SF:lib/slides/widgets/text/title.dart
DA:7,2
DA:10,2
DA:12,2
DA:13,2
DA:15,2
LF:5
LH:5
end_of_record
SF:lib/styles/fc_text_styles.dart
DA:5,4
DA:12,2
DA:17,2
DA:24,2
DA:29,2
LF:5
LH:5
end_of_record
SF:lib/slides/widgets/text/gradient_text.dart
DA:4,2
DA:15,2
DA:17,2
DA:19,6
DA:20,6
DA:22,6
LF:6
LH:6
end_of_record
SF:lib/presentation/provider/counter_provider.dart
DA:4,2
DA:6,3
DA:7,3
DA:10,5
LF:4
LH:4
end_of_record
